<?xml version="1.0" encoding="UTF-8"?>
<!-- Generated by org.testng.reporters.JUnitXMLReporter -->
<testsuite ignored="0" hostname="DESKTOP-5EVK54D" failures="0" tests="20" name="Default test" time="3.011" errors="0" timestamp="2023-06-21T21:04:12 IST">
  <testcase classname="testngdiscussion.DPTest" name="testCase" time="0.013"/>
  <testcase classname="testngdiscussion.DPTest" name="testCase" time="0.009"/>
  <testcase classname="testngdiscussion.DPTest" name="testCase" time="0.007"/>
  <testcase classname="testngdiscussion.DPTest" name="testCase" time="0.003"/>
  <testcase classname="testngdiscussion.DPTest" name="testCase" time="0.015"/>
  <testcase classname="testngdiscussion.DPTest" name="testCase" time="0.01"/>
  <testcase classname="testngdiscussion.DPTest" name="testCase" time="0.003"/>
  <testcase classname="testngdiscussion.DPTest" name="testCase" time="0.002"/>
  <testcase classname="testngdiscussion.DPTest" name="testCase" time="0.001"/>
  <testcase classname="testngdiscussion.DPTest" name="testCase" time="0.002"/>
  <testcase classname="testngdiscussion.DPTest" name="testCase" time="0.028"/>
  <testcase classname="testngdiscussion.DPTest" name="testCase" time="0.002"/>
  <testcase classname="testngdiscussion.DPTest" name="testCase" time="0.002"/>
  <testcase classname="testngdiscussion.DPTest" name="testCase" time="0.002"/>
  <testcase classname="testngdiscussion.DPTest" name="testCase" time="0.002"/>
  <testcase classname="testngdiscussion.DPTest" name="testCase" time="0.003"/>
  <testcase classname="testngdiscussion.DPTest" name="testCase" time="0.002"/>
  <testcase classname="testngdiscussion.DPTest" name="testCase" time="0.002"/>
  <testcase classname="testngdiscussion.DPTest" name="testCase" time="0.001"/>
  <testcase classname="testngdiscussion.DPTest" name="testCase" time="0.057"/>
</testsuite> <!-- Default test -->
