<?xml version="1.0" encoding="UTF-8"?>
<!-- Generated by org.testng.reporters.JUnitXMLReporter -->
<testsuite ignored="2" hostname="DESKTOP-5EVK54D" failures="0" tests="6" name="Test" time="7.951" errors="0" timestamp="2023-06-20T21:17:48 IST">
  <testcase classname="testclass.HomeTest" name="validateTitle" time="0.027"/>
  <testcase classname="testclass.HomeTest" name="navToSingleMalt" time="0.977"/>
  <testcase classname="testclass.ProductTest" name="validateFilter" time="1.004"/>
  <testcase classname="testclass.ProductTest" name="resetFilterValidation" time="0.576"/>
  <testcase classname="testclass.ProductTest" name="sortingFilter" time="3.085"/>
  <testcase classname="testclass.ProductTest" name="navToProduct" time="2.146"/>
  <testcase classname="testclass.BaseTest" name="@AfterSuite tearDown" time="0.0">
    <ignored/>
  </testcase> <!-- @AfterSuite tearDown -->
  <testcase classname="testclass.BaseTest" name="@BeforeSuite initBrowser" time="0.0">
    <ignored/>
  </testcase> <!-- @BeforeSuite initBrowser -->
</testsuite> <!-- Test -->
