<?xml version="1.0" encoding="UTF-8"?>
<testng-results ignored="2" total="8" passed="6" failed="0" skipped="0">
  <reporter-output>
  </reporter-output>
  <suite started-at="2023-06-20T21:17:40 IST" name="Suite" finished-at="2023-06-20T21:17:48 IST" duration-ms="7951">
    <groups>
    </groups>
    <test started-at="2023-06-20T21:17:40 IST" name="Test" finished-at="2023-06-20T21:17:48 IST" duration-ms="7951">
      <class name="testclass.HomeTest">
        <test-method is-config="true" signature="initBrowser()[pri:0, instance:testclass.HomeTest@6221a451]" started-at="2023-06-20T21:17:31 IST" name="initBrowser" finished-at="2023-06-20T21:17:40 IST" duration-ms="8603" status="PASS">
          <reporter-output>
          </reporter-output>
        </test-method> <!-- initBrowser -->
        <test-method is-config="true" signature="createObject()[pri:0, instance:testclass.HomeTest@6221a451]" started-at="2023-06-20T21:17:40 IST" name="createObject" finished-at="2023-06-20T21:17:40 IST" duration-ms="47" status="PASS">
          <reporter-output>
          </reporter-output>
        </test-method> <!-- createObject -->
        <test-method signature="validateTitle()[pri:1, instance:testclass.HomeTest@6221a451]" started-at="2023-06-20T21:17:40 IST" name="validateTitle" finished-at="2023-06-20T21:17:40 IST" duration-ms="27" status="PASS">
          <reporter-output>
          </reporter-output>
        </test-method> <!-- validateTitle -->
        <test-method signature="navToSingleMalt()[pri:2, instance:testclass.HomeTest@6221a451]" started-at="2023-06-20T21:17:40 IST" name="navToSingleMalt" finished-at="2023-06-20T21:17:41 IST" duration-ms="977" status="PASS">
          <reporter-output>
          </reporter-output>
        </test-method> <!-- navToSingleMalt -->
        <test-method is-config="true" signature="tearDown()[pri:0, instance:testclass.HomeTest@6221a451]" started-at="2023-06-20T21:17:48 IST" name="tearDown" finished-at="2023-06-20T21:17:52 IST" duration-ms="3770" status="PASS">
          <reporter-output>
          </reporter-output>
        </test-method> <!-- tearDown -->
      </class> <!-- testclass.HomeTest -->
      <class name="testclass.ProductTest">
        <test-method is-config="true" signature="createObject()[pri:0, instance:testclass.ProductTest@18df8434]" started-at="2023-06-20T21:17:41 IST" name="createObject" finished-at="2023-06-20T21:17:41 IST" duration-ms="3" status="PASS">
          <reporter-output>
          </reporter-output>
        </test-method> <!-- createObject -->
        <test-method signature="validateFilter()[pri:3, instance:testclass.ProductTest@18df8434]" started-at="2023-06-20T21:17:41 IST" name="validateFilter" finished-at="2023-06-20T21:17:42 IST" duration-ms="1004" status="PASS">
          <reporter-output>
          </reporter-output>
        </test-method> <!-- validateFilter -->
        <test-method signature="resetFilterValidation()[pri:4, instance:testclass.ProductTest@18df8434]" started-at="2023-06-20T21:17:42 IST" name="resetFilterValidation" finished-at="2023-06-20T21:17:43 IST" duration-ms="576" status="PASS">
          <reporter-output>
          </reporter-output>
        </test-method> <!-- resetFilterValidation -->
        <test-method signature="sortingFilter()[pri:5, instance:testclass.ProductTest@18df8434]" started-at="2023-06-20T21:17:43 IST" name="sortingFilter" finished-at="2023-06-20T21:17:46 IST" duration-ms="3085" status="PASS">
          <reporter-output>
          </reporter-output>
        </test-method> <!-- sortingFilter -->
        <test-method signature="navToProduct()[pri:6, instance:testclass.ProductTest@18df8434]" started-at="2023-06-20T21:17:46 IST" name="navToProduct" finished-at="2023-06-20T21:17:48 IST" duration-ms="2146" status="PASS">
          <reporter-output>
          </reporter-output>
        </test-method> <!-- navToProduct -->
      </class> <!-- testclass.ProductTest -->
    </test> <!-- Test -->
  </suite> <!-- Suite -->
</testng-results>
