<?xml version="1.0" encoding="UTF-8"?>
<testng-results ignored="0" total="2" passed="2" failed="0" skipped="0">
  <reporter-output>
  </reporter-output>
  <suite started-at="2023-06-18T20:12:15 IST" name="Suite" finished-at="2023-06-18T20:12:36 IST" duration-ms="20871">
    <groups>
    </groups>
    <test started-at="2023-06-18T20:12:15 IST" name="ChromeTest" finished-at="2023-06-18T20:12:24 IST" duration-ms="8804">
      <class name="testngdiscussion.ExecutingTestCaseOnChromeAndFirefox">
        <test-method signature="searchProduct(java.lang.String)[pri:0, instance:testngdiscussion.ExecutingTestCaseOnChromeAndFirefox@3ee37e5a]" started-at="2023-06-18T20:12:15 IST" name="searchProduct" finished-at="2023-06-18T20:12:24 IST" duration-ms="8720" status="PASS">
          <params>
            <param index="0">
              <value>
                <![CDATA[Chrome]]>
              </value>
            </param>
          </params>
          <reporter-output>
          </reporter-output>
        </test-method> <!-- searchProduct -->
      </class> <!-- testngdiscussion.ExecutingTestCaseOnChromeAndFirefox -->
    </test> <!-- ChromeTest -->
    <test started-at="2023-06-18T20:12:24 IST" name="FirefoxTest" finished-at="2023-06-18T20:12:36 IST" duration-ms="11961">
      <class name="testngdiscussion.ExecutingTestCaseOnChromeAndFirefox">
        <test-method signature="searchProduct(java.lang.String)[pri:0, instance:testngdiscussion.ExecutingTestCaseOnChromeAndFirefox@6c1a5b54]" started-at="2023-06-18T20:12:24 IST" name="searchProduct" finished-at="2023-06-18T20:12:36 IST" duration-ms="11954" status="PASS">
          <params>
            <param index="0">
              <value>
                <![CDATA[Firefox]]>
              </value>
            </param>
          </params>
          <reporter-output>
          </reporter-output>
        </test-method> <!-- searchProduct -->
      </class> <!-- testngdiscussion.ExecutingTestCaseOnChromeAndFirefox -->
    </test> <!-- FirefoxTest -->
  </suite> <!-- Suite -->
</testng-results>
